-Xajruntimetarget:1.5
-1.8
-encoding
UTF-8
-showWeaveInfo
-source
1.8
-target
1.8
-verbose
-classpath
C:\Users\david\.m2\repository\javax\servlet\javax.servlet-api\3.1.0\javax.servlet-api-3.1.0.jar;C:\Users\david\Documents\Nutshell\empyrean\aeon\pantheon\org\smallmind\nutsnbolts\target\smallmind-nutsnbolts-3.3.3.jar;C:\Users\david\Documents\Nutshell\empyrean\aeon\pantheon\org\smallmind\scribe\pen\target\scribe-pen-3.3.3.jar;C:\Users\david\Documents\Nutshell\empyrean\aeon\pantheon\org\smallmind\web\json\scaffold\target\web-json-scaffold-3.3.3.jar;C:\Users\david\.m2\repository\org\springframework\spring-context\4.3.8.RELEASE\spring-context-4.3.8.RELEASE.jar;C:\Users\david\.m2\repository\org\springframework\spring-web\4.3.8.RELEASE\spring-web-4.3.8.RELEASE.jar;C:\Users\david\.m2\repository\javax\el\javax.el-api\3.0.0\javax.el-api-3.0.0.jar;C:\Users\david\.m2\repository\org\glassfish\web\el-impl\2.2.1-b05\el-impl-2.2.1-b05.jar;C:\Users\david\.m2\repository\org\glassfish\hk2\hk2\2.5.0-b43\hk2-2.5.0-b43.jar;C:\Users\david\.m2\repository\org\glassfish\hk2\spring-bridge\2.5.0-b43\spring-bridge-2.5.0-b43.jar;C:\Users\david\.m2\repository\org\glassfish\jersey\core\jersey-client\2.25.1\jersey-client-2.25.1.jar;C:\Users\david\.m2\repository\org\glassfish\jersey\ext\jersey-bean-validation\2.25.1\jersey-bean-validation-2.25.1.jar;C:\Users\david\.m2\repository\org\glassfish\jersey\connectors\jersey-apache-connector\2.25.1\jersey-apache-connector-2.25.1.jar;C:\Users\david\.m2\repository\org\glassfish\jersey\core\jersey-server\2.25.1\jersey-server-2.25.1.jar;C:\Users\david\.m2\repository\org\glassfish\jersey\media\jersey-media-json-jackson\2.25.1\jersey-media-json-jackson-2.25.1.jar;C:\Users\david\.m2\repository\org\glassfish\jersey\media\jersey-media-multipart\2.25.1\jersey-media-multipart-2.25.1.jar;C:\Users\david\.m2\repository\org\glassfish\jersey\test-framework\jersey-test-framework-core\2.25.1\jersey-test-framework-core-2.25.1.jar;C:\Users\david\.m2\repository\org\testng\testng\6.14.3\testng-6.14.3.jar;C:\Users\david\.m2\repository\org\springframework\spring-test\4.3.8.RELEASE\spring-test-4.3.8.RELEASE.jar;C:\Users\david\.m2\repository\org\aspectj\aspectjrt\1.9.0\aspectjrt-1.9.0.jar;C:\Users\david\.m2\repository\com\fasterxml\jackson\core\jackson-core\2.9.5\jackson-core-2.9.5.jar;C:\Users\david\.m2\repository\com\fasterxml\jackson\core\jackson-databind\2.9.5\jackson-databind-2.9.5.jar;C:\Users\david\.m2\repository\com\fasterxml\jackson\module\jackson-module-jaxb-annotations\2.9.5\jackson-module-jaxb-annotations-2.9.5.jar;C:\Users\david\.m2\repository\org\springframework\spring-aop\4.3.8.RELEASE\spring-aop-4.3.8.RELEASE.jar;C:\Users\david\.m2\repository\org\springframework\spring-beans\4.3.8.RELEASE\spring-beans-4.3.8.RELEASE.jar;C:\Users\david\.m2\repository\org\springframework\spring-core\4.3.8.RELEASE\spring-core-4.3.8.RELEASE.jar;C:\Users\david\.m2\repository\commons-logging\commons-logging\1.1.3\commons-logging-1.1.3.jar;C:\Users\david\.m2\repository\org\springframework\spring-expression\4.3.8.RELEASE\spring-expression-4.3.8.RELEASE.jar;C:\Users\david\.m2\repository\org\glassfish\hk2\hk2-utils\2.5.0-b43\hk2-utils-2.5.0-b43.jar;C:\Users\david\.m2\repository\org\glassfish\hk2\hk2-api\2.5.0-b43\hk2-api-2.5.0-b43.jar;C:\Users\david\.m2\repository\org\glassfish\hk2\external\aopalliance-repackaged\2.5.0-b43\aopalliance-repackaged-2.5.0-b43.jar;C:\Users\david\.m2\repository\org\glassfish\hk2\config-types\2.5.0-b43\config-types-2.5.0-b43.jar;C:\Users\david\.m2\repository\org\glassfish\hk2\hk2-core\2.5.0-b43\hk2-core-2.5.0-b43.jar;C:\Users\david\.m2\repository\org\glassfish\hk2\hk2-config\2.5.0-b43\hk2-config-2.5.0-b43.jar;C:\Users\david\.m2\repository\org\jvnet\tiger-types\1.4\tiger-types-1.4.jar;C:\Users\david\.m2\repository\org\glassfish\hk2\hk2-locator\2.5.0-b43\hk2-locator-2.5.0-b43.jar;C:\Users\david\.m2\repository\org\javassist\javassist\3.22.0-CR2\javassist-3.22.0-CR2.jar;C:\Users\david\.m2\repository\org\glassfish\hk2\hk2-runlevel\2.5.0-b43\hk2-runlevel-2.5.0-b43.jar;C:\Users\david\.m2\repository\org\glassfish\hk2\class-model\2.5.0-b43\class-model-2.5.0-b43.jar;C:\Users\david\.m2\repository\org\glassfish\hk2\external\asm-all-repackaged\2.5.0-b43\asm-all-repackaged-2.5.0-b43.jar;C:\Users\david\.m2\repository\javax\inject\javax.inject\1\javax.inject-1.jar;C:\Users\david\.m2\repository\javax\ws\rs\javax.ws.rs-api\2.0.1\javax.ws.rs-api-2.0.1.jar;C:\Users\david\.m2\repository\org\glassfish\jersey\core\jersey-common\2.25.1\jersey-common-2.25.1.jar;C:\Users\david\.m2\repository\org\glassfish\jersey\bundles\repackaged\jersey-guava\2.25.1\jersey-guava-2.25.1.jar;C:\Users\david\.m2\repository\org\glassfish\hk2\osgi-resource-locator\1.0.1\osgi-resource-locator-1.0.1.jar;C:\Users\david\.m2\repository\org\glassfish\hk2\external\javax.inject\2.5.0-b32\javax.inject-2.5.0-b32.jar;C:\Users\david\.m2\repository\javax\validation\validation-api\2.0.1.Final\validation-api-2.0.1.Final.jar;C:\Users\david\.m2\repository\org\hibernate\hibernate-validator\5.4.2.Final\hibernate-validator-5.4.2.Final.jar;C:\Users\david\.m2\repository\org\jboss\logging\jboss-logging\3.3.0.Final\jboss-logging-3.3.0.Final.jar;C:\Users\david\.m2\repository\com\fasterxml\classmate\1.3.1\classmate-1.3.1.jar;C:\Users\david\.m2\repository\org\glassfish\web\javax.el\2.2.4\javax.el-2.2.4.jar;C:\Users\david\.m2\repository\org\apache\httpcomponents\httpclient\4.5.1\httpclient-4.5.1.jar;C:\Users\david\.m2\repository\org\apache\httpcomponents\httpcore\4.4.4\httpcore-4.4.4.jar;C:\Users\david\.m2\repository\commons-codec\commons-codec\1.9\commons-codec-1.9.jar;C:\Users\david\.m2\repository\org\glassfish\jersey\media\jersey-media-jaxb\2.25.1\jersey-media-jaxb-2.25.1.jar;C:\Users\david\.m2\repository\javax\annotation\javax.annotation-api\1.3.2\javax.annotation-api-1.3.2.jar;C:\Users\david\.m2\repository\org\glassfish\jersey\ext\jersey-entity-filtering\2.25.1\jersey-entity-filtering-2.25.1.jar;C:\Users\david\.m2\repository\com\fasterxml\jackson\jaxrs\jackson-jaxrs-base\2.8.4\jackson-jaxrs-base-2.8.4.jar;C:\Users\david\.m2\repository\com\fasterxml\jackson\jaxrs\jackson-jaxrs-json-provider\2.8.4\jackson-jaxrs-json-provider-2.8.4.jar;C:\Users\david\.m2\repository\com\fasterxml\jackson\core\jackson-annotations\2.9.5\jackson-annotations-2.9.5.jar;C:\Users\david\.m2\repository\org\jvnet\mimepull\mimepull\1.9.6\mimepull-1.9.6.jar;C:\Users\david\.m2\repository\org\glassfish\jersey\containers\jersey-container-servlet-core\2.25.1\jersey-container-servlet-core-2.25.1.jar;C:\Users\david\.m2\repository\junit\junit\4.12\junit-4.12.jar;C:\Users\david\.m2\repository\org\hamcrest\hamcrest-core\1.3\hamcrest-core-1.3.jar;C:\Users\david\Documents\Nutshell\empyrean\aeon\pantheon\org\smallmind\web\jersey\target\classes
-d
C:\Users\david\Documents\Nutshell\empyrean\aeon\pantheon\org\smallmind\web\jersey\target\classes
C:\Users\david\Documents\Nutshell\empyrean\aeon\pantheon\org\smallmind\web\jersey\src\main\java\org\smallmind\web\jersey\aop\AbstractIndexedJsonEntity.java
C:\Users\david\Documents\Nutshell\empyrean\aeon\pantheon\org\smallmind\web\jersey\src\main\java\org\smallmind\web\jersey\aop\AbstractMappedJsonEntity.java
C:\Users\david\Documents\Nutshell\empyrean\aeon\pantheon\org\smallmind\web\jersey\src\main\java\org\smallmind\web\jersey\aop\AbstractNakedMappedJsonEntity.java
C:\Users\david\Documents\Nutshell\empyrean\aeon\pantheon\org\smallmind\web\jersey\src\main\java\org\smallmind\web\jersey\aop\Argument.java
C:\Users\david\Documents\Nutshell\empyrean\aeon\pantheon\org\smallmind\web\jersey\src\main\java\org\smallmind\web\jersey\aop\EntityAwareValidationConfigurationContextResolver.java
C:\Users\david\Documents\Nutshell\empyrean\aeon\pantheon\org\smallmind\web\jersey\src\main\java\org\smallmind\web\jersey\aop\EntityParam.java
C:\Users\david\Documents\Nutshell\empyrean\aeon\pantheon\org\smallmind\web\jersey\src\main\java\org\smallmind\web\jersey\aop\EntityParameterNameProvider.java
C:\Users\david\Documents\Nutshell\empyrean\aeon\pantheon\org\smallmind\web\jersey\src\main\java\org\smallmind\web\jersey\aop\EntityParamResolver.java
C:\Users\david\Documents\Nutshell\empyrean\aeon\pantheon\org\smallmind\web\jersey\src\main\java\org\smallmind\web\jersey\aop\EntityParamResourceConfigExtension.java
C:\Users\david\Documents\Nutshell\empyrean\aeon\pantheon\org\smallmind\web\jersey\src\main\java\org\smallmind\web\jersey\aop\EntityTranslator.java
C:\Users\david\Documents\Nutshell\empyrean\aeon\pantheon\org\smallmind\web\jersey\src\main\java\org\smallmind\web\jersey\aop\EntityValidationException.java
C:\Users\david\Documents\Nutshell\empyrean\aeon\pantheon\org\smallmind\web\jersey\src\main\java\org\smallmind\web\jersey\aop\EntityValidator.java
C:\Users\david\Documents\Nutshell\empyrean\aeon\pantheon\org\smallmind\web\jersey\src\main\java\org\smallmind\web\jersey\aop\Envelope.java
C:\Users\david\Documents\Nutshell\empyrean\aeon\pantheon\org\smallmind\web\jersey\src\main\java\org\smallmind\web\jersey\aop\JsonEntity.java
C:\Users\david\Documents\Nutshell\empyrean\aeon\pantheon\org\smallmind\web\jersey\src\main\java\org\smallmind\web\jersey\aop\ParameterAnnotations.java
C:\Users\david\Documents\Nutshell\empyrean\aeon\pantheon\org\smallmind\web\jersey\src\main\java\org\smallmind\web\jersey\aop\ParameterProcessingException.java
C:\Users\david\Documents\Nutshell\empyrean\aeon\pantheon\org\smallmind\web\jersey\src\main\java\org\smallmind\web\jersey\aop\ResourceMethod.java
C:\Users\david\Documents\Nutshell\empyrean\aeon\pantheon\org\smallmind\web\jersey\src\main\java\org\smallmind\web\jersey\aop\ResourceMethodAspect.java
C:\Users\david\Documents\Nutshell\empyrean\aeon\pantheon\org\smallmind\web\jersey\src\main\java\org\smallmind\web\jersey\aop\ResourceMethodContainerFilter.java
C:\Users\david\Documents\Nutshell\empyrean\aeon\pantheon\org\smallmind\web\jersey\src\main\java\org\smallmind\web\jersey\cors\CorsResponseFilter.java
C:\Users\david\Documents\Nutshell\empyrean\aeon\pantheon\org\smallmind\web\jersey\src\main\java\org\smallmind\web\jersey\cors\spring\CorsResourceConfigExtension.java
C:\Users\david\Documents\Nutshell\empyrean\aeon\pantheon\org\smallmind\web\jersey\src\main\java\org\smallmind\web\jersey\json\ConcreteExceptionMapper.java
C:\Users\david\Documents\Nutshell\empyrean\aeon\pantheon\org\smallmind\web\jersey\src\main\java\org\smallmind\web\jersey\json\FaultTranslatingClientResponseFilter.java
C:\Users\david\Documents\Nutshell\empyrean\aeon\pantheon\org\smallmind\web\jersey\src\main\java\org\smallmind\web\jersey\json\FormattedWebApplicationException.java
C:\Users\david\Documents\Nutshell\empyrean\aeon\pantheon\org\smallmind\web\jersey\src\main\java\org\smallmind\web\jersey\json\JsonProvider.java
C:\Users\david\Documents\Nutshell\empyrean\aeon\pantheon\org\smallmind\web\jersey\src\main\java\org\smallmind\web\jersey\json\JsonResourceConfig.java
C:\Users\david\Documents\Nutshell\empyrean\aeon\pantheon\org\smallmind\web\jersey\src\main\java\org\smallmind\web\jersey\json\ThrowableExceptionMapper.java
C:\Users\david\Documents\Nutshell\empyrean\aeon\pantheon\org\smallmind\web\jersey\src\main\java\org\smallmind\web\jersey\json\ThrowableTranslationResourceConfigExtension.java
C:\Users\david\Documents\Nutshell\empyrean\aeon\pantheon\org\smallmind\web\jersey\src\main\java\org\smallmind\web\jersey\json\XmlAdapterParamConversionException.java
C:\Users\david\Documents\Nutshell\empyrean\aeon\pantheon\org\smallmind\web\jersey\src\main\java\org\smallmind\web\jersey\json\XmlAdapterParamConverterProvider.java
C:\Users\david\Documents\Nutshell\empyrean\aeon\pantheon\org\smallmind\web\jersey\src\main\java\org\smallmind\web\jersey\json\XmlAdapterParamResourceConfigurationExtension.java
C:\Users\david\Documents\Nutshell\empyrean\aeon\pantheon\org\smallmind\web\jersey\src\main\java\org\smallmind\web\jersey\multipart\MultiPartContentType.java
C:\Users\david\Documents\Nutshell\empyrean\aeon\pantheon\org\smallmind\web\jersey\src\main\java\org\smallmind\web\jersey\multipart\MultiPartFeatureResourceConfigExtension.java
C:\Users\david\Documents\Nutshell\empyrean\aeon\pantheon\org\smallmind\web\jersey\src\main\java\org\smallmind\web\jersey\multipart\MultiPartFile.java
C:\Users\david\Documents\Nutshell\empyrean\aeon\pantheon\org\smallmind\web\jersey\src\main\java\org\smallmind\web\jersey\multipart\MultiPartFileException.java
C:\Users\david\Documents\Nutshell\empyrean\aeon\pantheon\org\smallmind\web\jersey\src\main\java\org\smallmind\web\jersey\multipart\MultiPartFileIterator.java
C:\Users\david\Documents\Nutshell\empyrean\aeon\pantheon\org\smallmind\web\jersey\src\main\java\org\smallmind\web\jersey\proxy\ExtraLaxRedirectStrategy.java
C:\Users\david\Documents\Nutshell\empyrean\aeon\pantheon\org\smallmind\web\jersey\src\main\java\org\smallmind\web\jersey\proxy\HttpProtocol.java
C:\Users\david\Documents\Nutshell\empyrean\aeon\pantheon\org\smallmind\web\jersey\src\main\java\org\smallmind\web\jersey\proxy\JsonArgument.java
C:\Users\david\Documents\Nutshell\empyrean\aeon\pantheon\org\smallmind\web\jersey\src\main\java\org\smallmind\web\jersey\proxy\JsonEntityInvocationHandler.java
C:\Users\david\Documents\Nutshell\empyrean\aeon\pantheon\org\smallmind\web\jersey\src\main\java\org\smallmind\web\jersey\proxy\JsonEntityResourceProxyFactory.java
C:\Users\david\Documents\Nutshell\empyrean\aeon\pantheon\org\smallmind\web\jersey\src\main\java\org\smallmind\web\jersey\proxy\JsonEntityResourceProxyManager.java
C:\Users\david\Documents\Nutshell\empyrean\aeon\pantheon\org\smallmind\web\jersey\src\main\java\org\smallmind\web\jersey\proxy\JsonHeader.java
C:\Users\david\Documents\Nutshell\empyrean\aeon\pantheon\org\smallmind\web\jersey\src\main\java\org\smallmind\web\jersey\proxy\JsonHeaderInjector.java
C:\Users\david\Documents\Nutshell\empyrean\aeon\pantheon\org\smallmind\web\jersey\src\main\java\org\smallmind\web\jersey\proxy\JsonHttpEntity.java
C:\Users\david\Documents\Nutshell\empyrean\aeon\pantheon\org\smallmind\web\jersey\src\main\java\org\smallmind\web\jersey\proxy\JsonTarget.java
C:\Users\david\Documents\Nutshell\empyrean\aeon\pantheon\org\smallmind\web\jersey\src\main\java\org\smallmind\web\jersey\proxy\JsonTargetFactory.java
C:\Users\david\Documents\Nutshell\empyrean\aeon\pantheon\org\smallmind\web\jersey\src\main\java\org\smallmind\web\jersey\proxy\ResourceDefinitionException.java
C:\Users\david\Documents\Nutshell\empyrean\aeon\pantheon\org\smallmind\web\jersey\src\main\java\org\smallmind\web\jersey\proxy\spring\JsonEntityResourceProxyFactoryBean.java
C:\Users\david\Documents\Nutshell\empyrean\aeon\pantheon\org\smallmind\web\jersey\src\main\java\org\smallmind\web\jersey\proxy\spring\JsonTargetFactoryBean.java
C:\Users\david\Documents\Nutshell\empyrean\aeon\pantheon\org\smallmind\web\jersey\src\main\java\org\smallmind\web\jersey\spring\AutowiredInjectionResolver.java
C:\Users\david\Documents\Nutshell\empyrean\aeon\pantheon\org\smallmind\web\jersey\src\main\java\org\smallmind\web\jersey\spring\ExposedApplicationContext.java
C:\Users\david\Documents\Nutshell\empyrean\aeon\pantheon\org\smallmind\web\jersey\src\main\java\org\smallmind\web\jersey\spring\ExposedWebContextLoaderListener.java
C:\Users\david\Documents\Nutshell\empyrean\aeon\pantheon\org\smallmind\web\jersey\src\main\java\org\smallmind\web\jersey\spring\HK2ResourceBeanPostProcessor.java
C:\Users\david\Documents\Nutshell\empyrean\aeon\pantheon\org\smallmind\web\jersey\src\main\java\org\smallmind\web\jersey\spring\ResourceConfigClass.java
C:\Users\david\Documents\Nutshell\empyrean\aeon\pantheon\org\smallmind\web\jersey\src\main\java\org\smallmind\web\jersey\spring\ResourceConfigExtension.java
C:\Users\david\Documents\Nutshell\empyrean\aeon\pantheon\org\smallmind\web\jersey\src\main\java\org\smallmind\web\jersey\spring\ResourceConfigObject.java
C:\Users\david\Documents\Nutshell\empyrean\aeon\pantheon\org\smallmind\web\jersey\src\main\java\org\smallmind\web\jersey\spring\ResourceConfigProperty.java
C:\Users\david\Documents\Nutshell\empyrean\aeon\pantheon\org\smallmind\web\jersey\src\main\java\org\smallmind\web\jersey\spring\SpringBasedResourceConfig.java
C:\Users\david\Documents\Nutshell\empyrean\aeon\pantheon\org\smallmind\web\jersey\src\main\java\org\smallmind\web\jersey\spring\SpringComponentProvider.java
C:\Users\david\Documents\Nutshell\empyrean\aeon\pantheon\org\smallmind\web\jersey\src\main\java\org\smallmind\web\jersey\spring\SpringHK2IntegrationException.java
C:\Users\david\Documents\Nutshell\empyrean\aeon\pantheon\org\smallmind\web\jersey\src\main\java\org\smallmind\web\jersey\ssl\ClientUtility.java
