-Xajruntimetarget:1.5
-Xlint:ignore
-11
-encoding
UTF-8
-showWeaveInfo
-classpath
/home/pgovindan/.m2/software/amazon/awssdk/dynamodb/2.17.132/dynamodb-2.17.132.jar:/home/pgovindan/.m2/software/amazon/awssdk/aws-json-protocol/2.17.132/aws-json-protocol-2.17.132.jar:/home/pgovindan/.m2/software/amazon/awssdk/third-party-jackson-core/2.17.132/third-party-jackson-core-2.17.132.jar:/home/pgovindan/.m2/software/amazon/awssdk/json-utils/2.17.132/json-utils-2.17.132.jar:/home/pgovindan/.m2/software/amazon/awssdk/protocol-core/2.17.132/protocol-core-2.17.132.jar:/home/pgovindan/.m2/software/amazon/awssdk/profiles/2.17.132/profiles-2.17.132.jar:/home/pgovindan/.m2/software/amazon/awssdk/sdk-core/2.17.132/sdk-core-2.17.132.jar:/home/pgovindan/.m2/org/slf4j/slf4j-api/1.7.32/slf4j-api-1.7.32.jar:/home/pgovindan/.m2/software/amazon/awssdk/auth/2.17.132/auth-2.17.132.jar:/home/pgovindan/.m2/software/amazon/eventstream/eventstream/1.0.1/eventstream-1.0.1.jar:/home/pgovindan/.m2/software/amazon/awssdk/http-client-spi/2.17.132/http-client-spi-2.17.132.jar:/home/pgovindan/.m2/software/amazon/awssdk/regions/2.17.132/regions-2.17.132.jar:/home/pgovindan/.m2/software/amazon/awssdk/annotations/2.17.132/annotations-2.17.132.jar:/home/pgovindan/.m2/software/amazon/awssdk/utils/2.17.132/utils-2.17.132.jar:/home/pgovindan/.m2/software/amazon/awssdk/aws-core/2.17.132/aws-core-2.17.132.jar:/home/pgovindan/.m2/software/amazon/awssdk/metrics-spi/2.17.132/metrics-spi-2.17.132.jar:/home/pgovindan/.m2/software/amazon/awssdk/netty-nio-client/2.17.132/netty-nio-client-2.17.132.jar:/home/pgovindan/.m2/io/netty/netty-codec-http/4.1.69.Final/netty-codec-http-4.1.69.Final.jar:/home/pgovindan/.m2/io/netty/netty-codec-http2/4.1.69.Final/netty-codec-http2-4.1.69.Final.jar:/home/pgovindan/.m2/io/netty/netty-codec/4.1.69.Final/netty-codec-4.1.69.Final.jar:/home/pgovindan/.m2/io/netty/netty-transport/4.1.69.Final/netty-transport-4.1.69.Final.jar:/home/pgovindan/.m2/io/netty/netty-resolver/4.1.69.Final/netty-resolver-4.1.69.Final.jar:/home/pgovindan/.m2/io/netty/netty-common/4.1.69.Final/netty-common-4.1.69.Final.jar:/home/pgovindan/.m2/io/netty/netty-buffer/4.1.69.Final/netty-buffer-4.1.69.Final.jar:/home/pgovindan/.m2/io/netty/netty-handler/4.1.69.Final/netty-handler-4.1.69.Final.jar:/home/pgovindan/.m2/io/netty/netty-transport-classes-epoll/4.1.72.Final/netty-transport-classes-epoll-4.1.72.Final.jar:/home/pgovindan/.m2/io/netty/netty-transport-native-unix-common/4.1.69.Final/netty-transport-native-unix-common-4.1.69.Final.jar:/home/pgovindan/.m2/com/typesafe/netty/netty-reactive-streams-http/2.0.5/netty-reactive-streams-http-2.0.5.jar:/home/pgovindan/.m2/com/typesafe/netty/netty-reactive-streams/2.0.5/netty-reactive-streams-2.0.5.jar:/home/pgovindan/.m2/software/amazon/awssdk/dynamodb-enhanced/2.17.132/dynamodb-enhanced-2.17.132.jar:/home/pgovindan/.m2/org/reflections/reflections/0.9.12/reflections-0.9.12.jar:/home/pgovindan/.m2/org/javassist/javassist/3.26.0-GA/javassist-3.26.0-GA.jar:/home/pgovindan/.m2/org/springframework/spring-core/5.2.9.RELEASE/spring-core-5.2.9.RELEASE.jar:/home/pgovindan/.m2/org/springframework/spring-jcl/5.2.9.RELEASE/spring-jcl-5.2.9.RELEASE.jar:/home/pgovindan/.m2/org/springframework/spring-beans/5.2.9.RELEASE/spring-beans-5.2.9.RELEASE.jar:/home/pgovindan/.m2/org/springframework/spring-context/5.2.9.RELEASE/spring-context-5.2.9.RELEASE.jar:/home/pgovindan/.m2/org/springframework/spring-aop/5.2.9.RELEASE/spring-aop-5.2.9.RELEASE.jar:/home/pgovindan/.m2/org/springframework/spring-expression/5.2.9.RELEASE/spring-expression-5.2.9.RELEASE.jar:/home/pgovindan/.m2/org/springframework/spring-context-support/5.2.9.RELEASE/spring-context-support-5.2.9.RELEASE.jar:/home/pgovindan/.m2/org/springframework/spring-tx/5.2.9.RELEASE/spring-tx-5.2.9.RELEASE.jar:/home/pgovindan/projects/dynamodb-data/utils/target/utils-1.0.13.jar:/home/pgovindan/.m2/org/springframework/spring-aspects/5.2.9.RELEASE/spring-aspects-5.2.9.RELEASE.jar:/home/pgovindan/.m2/org/aspectj/aspectjweaver/1.9.7/aspectjweaver-1.9.7.jar:/home/pgovindan/.m2/org/aspectj/aspectjrt/1.9.7/aspectjrt-1.9.7.jar:/home/pgovindan/.m2/com/google/guava/guava/29.0-jre/guava-29.0-jre.jar:/home/pgovindan/.m2/com/google/guava/failureaccess/1.0.1/failureaccess-1.0.1.jar:/home/pgovindan/.m2/com/google/guava/listenablefuture/9999.0-empty-to-avoid-conflict-with-guava/listenablefuture-9999.0-empty-to-avoid-conflict-with-guava.jar:/home/pgovindan/.m2/com/google/code/findbugs/jsr305/3.0.2/jsr305-3.0.2.jar:/home/pgovindan/.m2/org/checkerframework/checker-qual/2.11.1/checker-qual-2.11.1.jar:/home/pgovindan/.m2/com/google/errorprone/error_prone_annotations/2.3.4/error_prone_annotations-2.3.4.jar:/home/pgovindan/.m2/com/google/j2objc/j2objc-annotations/1.3/j2objc-annotations-1.3.jar:/home/pgovindan/.m2/io/reactivex/rxjava/1.3.8/rxjava-1.3.8.jar:/home/pgovindan/projects/dynamodb-data/annotations/target/annotations-1.0.13.jar:/home/pgovindan/.m2/io/projectreactor/reactor-core/3.4.11/reactor-core-3.4.11.jar:/home/pgovindan/.m2/org/reactivestreams/reactive-streams/1.0.3/reactive-streams-1.0.3.jar:/home/pgovindan/.m2/io/projectreactor/addons/reactor-adapter/3.4.5/reactor-adapter-3.4.5.jar:/home/pgovindan/.m2/javax/annotation/javax.annotation-api/1.3.2/javax.annotation-api-1.3.2.jar:/home/pgovindan/.m2/com/fasterxml/jackson/core/jackson-core/2.13.1/jackson-core-2.13.1.jar:/home/pgovindan/.m2/com/fasterxml/jackson/core/jackson-databind/2.13.1/jackson-databind-2.13.1.jar:/home/pgovindan/.m2/com/fasterxml/jackson/core/jackson-annotations/2.12.5/jackson-annotations-2.12.5.jar:/home/pgovindan/projects/dynamodb-data/core/target/classes
-d
/home/pgovindan/projects/dynamodb-data/core/target/classes
-s
/home/pgovindan/projects/dynamodb-data/core/target/generated-sources/aspectj-maven-plugin
/home/pgovindan/projects/dynamodb-data/core/src/main/java/org/leo/aws/ddb/data/PrimaryKey.java
/home/pgovindan/projects/dynamodb-data/core/src/main/java/org/leo/aws/ddb/data/PatchUpdate.java
/home/pgovindan/projects/dynamodb-data/core/src/main/java/org/leo/aws/ddb/data/FilterType.java
/home/pgovindan/projects/dynamodb-data/core/src/main/java/org/leo/aws/ddb/data/Page.java
/home/pgovindan/projects/dynamodb-data/core/src/main/java/org/leo/aws/ddb/data/UpdateItem.java
/home/pgovindan/projects/dynamodb-data/core/src/main/java/org/leo/aws/ddb/data/NullValue.java
/home/pgovindan/projects/dynamodb-data/core/src/main/java/org/leo/aws/ddb/data/VersionedEntity.java
/home/pgovindan/projects/dynamodb-data/core/src/main/java/org/leo/aws/ddb/exceptions/DbException.java
/home/pgovindan/projects/dynamodb-data/core/src/main/java/org/leo/aws/ddb/exceptions/OptimisticLockFailureException.java
/home/pgovindan/projects/dynamodb-data/core/src/main/java/org/leo/aws/ddb/repositories/DataMapperConfigInitializer.java
/home/pgovindan/projects/dynamodb-data/core/src/main/java/org/leo/aws/ddb/repositories/AbstractDataMapper.java
/home/pgovindan/projects/dynamodb-data/core/src/main/java/org/leo/aws/ddb/repositories/MapperUtils.java
/home/pgovindan/projects/dynamodb-data/core/src/main/java/org/leo/aws/ddb/repositories/GSI.java
/home/pgovindan/projects/dynamodb-data/core/src/main/java/org/leo/aws/ddb/repositories/DataMapperConfig.java
/home/pgovindan/projects/dynamodb-data/core/src/main/java/org/leo/aws/ddb/repositories/DynamoDbRepository.java
/home/pgovindan/projects/dynamodb-data/core/src/main/java/org/leo/aws/ddb/repositories/GlobalSecondaryIndexImpl.java
/home/pgovindan/projects/dynamodb-data/core/src/main/java/org/leo/aws/ddb/repositories/BaseRepositoryUtils.java
/home/pgovindan/projects/dynamodb-data/core/src/main/java/org/leo/aws/ddb/repositories/DataMapperUtils.java
/home/pgovindan/projects/dynamodb-data/core/src/main/java/org/leo/aws/ddb/repositories/DataMapperConfigCleanUp.java
/home/pgovindan/projects/dynamodb-data/core/src/main/java/org/leo/aws/ddb/repositories/DataMapper.java
/home/pgovindan/projects/dynamodb-data/core/src/main/java/org/leo/aws/ddb/repositories/AttributeMapper.java
/home/pgovindan/projects/dynamodb-data/core/src/main/java/org/leo/aws/ddb/utils/Expr.java
/home/pgovindan/projects/dynamodb-data/core/src/main/java/org/leo/aws/ddb/utils/FilterExprImpl.java
/home/pgovindan/projects/dynamodb-data/core/src/main/java/org/leo/aws/ddb/utils/FilterExpr.java
/home/pgovindan/projects/dynamodb-data/core/src/main/java/org/leo/aws/ddb/utils/Comparator.java
/home/pgovindan/projects/dynamodb-data/core/src/main/java/org/leo/aws/ddb/utils/Name.java
/home/pgovindan/projects/dynamodb-data/core/src/main/java/org/leo/aws/ddb/utils/DbUtils.java
/home/pgovindan/projects/dynamodb-data/core/src/main/java/org/leo/aws/ddb/utils/AttributeValueSerializer.java
/home/pgovindan/projects/dynamodb-data/core/src/main/java/org/leo/aws/ddb/utils/Value.java
/home/pgovindan/projects/dynamodb-data/core/src/main/java/org/leo/aws/ddb/utils/Operator.java
/home/pgovindan/projects/dynamodb-data/core/src/main/java/org/leo/aws/ddb/utils/Group.java
/home/pgovindan/projects/dynamodb-data/core/src/main/java/org/leo/aws/ddb/config/EntityValidationInitializer.java
/home/pgovindan/projects/dynamodb-data/core/src/main/java/org/leo/aws/ddb/config/EntityValidationConfig.java
