-Xajruntimetarget:1.5
-XnoInline
-1.8
-encoding
UTF-8
-source
1.8
-target
1.8
-classpath
/home/travis/build/sbtqa/page-factory-2/page-factory-core/target/page-factory-core-15.13.2.jar:/home/travis/.m2/repository/ru/sbtqa/webdrivermanager/2.2.2/webdrivermanager-2.2.2.jar:/home/travis/.m2/repository/org/seleniumhq/selenium/selenium-chrome-driver/3.141.59/selenium-chrome-driver-3.141.59.jar:/home/travis/.m2/repository/org/seleniumhq/selenium/selenium-firefox-driver/3.141.59/selenium-firefox-driver-3.141.59.jar:/home/travis/.m2/repository/org/seleniumhq/selenium/selenium-safari-driver/3.141.59/selenium-safari-driver-3.141.59.jar:/home/travis/.m2/repository/org/seleniumhq/selenium/selenium-ie-driver/3.141.59/selenium-ie-driver-3.141.59.jar:/home/travis/.m2/repository/org/seleniumhq/selenium/selenium-edge-driver/3.141.59/selenium-edge-driver-3.141.59.jar:/home/travis/.m2/repository/net/lightbody/bmp/browsermob-core/2.1.5/browsermob-core-2.1.5.jar:/home/travis/.m2/repository/ru/sbtqa/tag/datajack/providers/json-provider/5.1.2/json-provider-5.1.2.jar:/home/travis/.m2/repository/org/eclipse/jetty/jetty-annotations/9.4.13.v20181111/jetty-annotations-9.4.13.v20181111.jar:/home/travis/.m2/repository/org/eclipse/jetty/apache-jsp/9.4.13.v20181111/apache-jsp-9.4.13.v20181111.jar:/home/travis/.m2/repository/org/eclipse/jetty/jetty-jmx/9.4.13.v20181111/jetty-jmx-9.4.13.v20181111.jar:/home/travis/.m2/repository/io/qameta/allure/allure-junit4/2.13.0/allure-junit4-2.13.0.jar:/home/travis/.m2/repository/junit/junit/4.13.1/junit-4.13.1.jar:/home/travis/.m2/repository/org/slf4j/slf4j-api/1.7.22/slf4j-api-1.7.22.jar:/home/travis/.m2/repository/org/aspectj/aspectjrt/1.9.2/aspectjrt-1.9.2.jar:/home/travis/build/sbtqa/page-factory-2/page-factory-api/target/page-factory-api-15.13.2.jar:/home/travis/.m2/repository/io/qameta/allure/allure-cucumber4-jvm/2.13.0/allure-cucumber4-jvm-2.13.0.jar:/home/travis/.m2/repository/io/cucumber/cucumber-core/4.3.1/cucumber-core-4.3.1.jar:/home/travis/.m2/repository/io/cucumber/cucumber-html/0.2.7/cucumber-html-0.2.7.jar:/home/travis/.m2/repository/io/cucumber/gherkin/5.1.0/gherkin-5.1.0.jar:/home/travis/.m2/repository/io/cucumber/tag-expressions/1.1.1/tag-expressions-1.1.1.jar:/home/travis/.m2/repository/io/cucumber/cucumber-expressions/6.2.2/cucumber-expressions-6.2.2.jar:/home/travis/.m2/repository/io/cucumber/datatable/1.1.12/datatable-1.1.12.jar:/home/travis/.m2/repository/io/cucumber/datatable-dependencies/1.1.12/datatable-dependencies-1.1.12.jar:/home/travis/.m2/repository/ru/sbtqa/tag/qa-utils/1.7.1/qa-utils-1.7.1.jar:/home/travis/.m2/repository/ru/sbtqa/tag/video-recorder/1.0.7/video-recorder-1.0.7.jar:/home/travis/.m2/repository/ru/sbtqa/monte-media/1.1.0-JAVA7/monte-media-1.1.0-JAVA7.jar:/home/travis/.m2/repository/org/apache/poi/poi-ooxml/3.13/poi-ooxml-3.13.jar:/home/travis/.m2/repository/org/apache/poi/poi/3.13/poi-3.13.jar:/home/travis/.m2/repository/org/apache/poi/poi-ooxml-schemas/3.13/poi-ooxml-schemas-3.13.jar:/home/travis/.m2/repository/org/apache/xmlbeans/xmlbeans/2.6.0/xmlbeans-2.6.0.jar:/home/travis/.m2/repository/stax/stax-api/1.0.1/stax-api-1.0.1.jar:/home/travis/.m2/repository/ru/sbtqa/tag/datajack/datajack-api/5.1.2/datajack-api-5.1.2.jar:/home/travis/.m2/repository/org/seleniumhq/selenium/selenium-support/3.141.59/selenium-support-3.141.59.jar:/home/travis/.m2/repository/org/reflections/reflections/0.9.10/reflections-0.9.10.jar:/home/travis/.m2/repository/org/javassist/javassist/3.19.0-GA/javassist-3.19.0-GA.jar:/home/travis/.m2/repository/com/google/code/findbugs/annotations/2.0.1/annotations-2.0.1.jar:/home/travis/.m2/repository/com/google/guava/guava/24.1.1-jre/guava-24.1.1-jre.jar:/home/travis/.m2/repository/com/google/code/findbugs/jsr305/1.3.9/jsr305-1.3.9.jar:/home/travis/.m2/repository/org/checkerframework/checker-compat-qual/2.0.0/checker-compat-qual-2.0.0.jar:/home/travis/.m2/repository/com/google/errorprone/error_prone_annotations/2.1.3/error_prone_annotations-2.1.3.jar:/home/travis/.m2/repository/com/google/j2objc/j2objc-annotations/1.1/j2objc-annotations-1.1.jar:/home/travis/.m2/repository/org/codehaus/mojo/animal-sniffer-annotations/1.14/animal-sniffer-annotations-1.14.jar:/home/travis/.m2/repository/org/aeonbits/owner/owner/1.0.10/owner-1.0.10.jar:/home/travis/.m2/repository/io/cucumber/cucumber-junit/4.3.1/cucumber-junit-4.3.1.jar:/home/travis/.m2/repository/io/cucumber/cucumber-java/4.3.1/cucumber-java-4.3.1.jar:/home/travis/.m2/repository/io/github/java-diff-utils/java-diff-utils/4.0/java-diff-utils-4.0.jar:/home/travis/.m2/repository/org/eclipse/jgit/org.eclipse.jgit/4.4.1.201607150455-r/org.eclipse.jgit-4.4.1.201607150455-r.jar:/home/travis/.m2/repository/org/slf4j/slf4j-log4j12/1.7.25/slf4j-log4j12-1.7.25.jar:/home/travis/.m2/repository/log4j/log4j/1.2.17/log4j-1.2.17.jar:/home/travis/.m2/repository/commons-io/commons-io/2.5/commons-io-2.5.jar:/home/travis/.m2/repository/com/google/code/gson/gson/2.8.0/gson-2.8.0.jar:/home/travis/.m2/repository/org/apache/commons/commons-lang3/3.5/commons-lang3-3.5.jar:/home/travis/.m2/repository/org/apache/httpcomponents/httpclient/4.5.3/httpclient-4.5.3.jar:/home/travis/.m2/repository/org/apache/httpcomponents/httpcore/4.4.6/httpcore-4.4.6.jar:/home/travis/.m2/repository/commons-logging/commons-logging/1.2/commons-logging-1.2.jar:/home/travis/.m2/repository/commons-codec/commons-codec/1.9/commons-codec-1.9.jar:/home/travis/.m2/repository/org/rauschig/jarchivelib/0.7.1/jarchivelib-0.7.1.jar:/home/travis/.m2/repository/org/apache/commons/commons-compress/1.9/commons-compress-1.9.jar:/home/travis/.m2/repository/org/jsoup/jsoup/1.10.2/jsoup-1.10.2.jar:/home/travis/.m2/repository/org/seleniumhq/selenium/selenium-api/3.141.59/selenium-api-3.141.59.jar:/home/travis/.m2/repository/org/seleniumhq/selenium/selenium-remote-driver/3.141.59/selenium-remote-driver-3.141.59.jar:/home/travis/.m2/repository/net/bytebuddy/byte-buddy/1.8.15/byte-buddy-1.8.15.jar:/home/travis/.m2/repository/org/apache/commons/commons-exec/1.3/commons-exec-1.3.jar:/home/travis/.m2/repository/com/squareup/okhttp3/okhttp/3.11.0/okhttp-3.11.0.jar:/home/travis/.m2/repository/com/squareup/okio/okio/1.14.0/okio-1.14.0.jar:/home/travis/.m2/repository/net/lightbody/bmp/littleproxy/1.1.0-beta-bmp-17/littleproxy-1.1.0-beta-bmp-17.jar:/home/travis/.m2/repository/com/fasterxml/jackson/core/jackson-core/2.8.9/jackson-core-2.8.9.jar:/home/travis/.m2/repository/com/fasterxml/jackson/core/jackson-databind/2.8.9/jackson-databind-2.8.9.jar:/home/travis/.m2/repository/com/fasterxml/jackson/core/jackson-annotations/2.8.9/jackson-annotations-2.8.9.jar:/home/travis/.m2/repository/dnsjava/dnsjava/2.1.8/dnsjava-2.1.8.jar:/home/travis/.m2/repository/org/slf4j/jcl-over-slf4j/1.7.25/jcl-over-slf4j-1.7.25.jar:/home/travis/.m2/repository/com/jcraft/jzlib/1.1.3/jzlib-1.1.3.jar:/home/travis/.m2/repository/io/netty/netty-all/4.0.51.Final/netty-all-4.0.51.Final.jar:/home/travis/.m2/repository/org/bouncycastle/bcprov-jdk15on/1.58/bcprov-jdk15on-1.58.jar:/home/travis/.m2/repository/org/bouncycastle/bcpkix-jdk15on/1.58/bcpkix-jdk15on-1.58.jar:/home/travis/.m2/repository/net/lightbody/bmp/mitm/2.1.5/mitm-2.1.5.jar:/home/travis/.m2/repository/org/mongodb/mongo-java-driver/3.2.2/mongo-java-driver-3.2.2.jar:/home/travis/.m2/repository/io/qameta/allure/allure-java-commons/2.13.0/allure-java-commons-2.13.0.jar:/home/travis/.m2/repository/io/qameta/allure/allure-model/2.13.0/allure-model-2.13.0.jar:/home/travis/.m2/repository/org/hamcrest/hamcrest-core/1.3/hamcrest-core-1.3.jar:/home/travis/build/sbtqa/page-factory-2/plugins/web-plugin/target/classes
-d
/home/travis/build/sbtqa/page-factory-2/plugins/web-plugin/target/classes
-s
/home/travis/build/sbtqa/page-factory-2/plugins/web-plugin/target/generated-sources/aspectj-maven-plugin
/home/travis/build/sbtqa/page-factory-2/plugins/web-plugin/src/main/java/ru/sbtqa/tag/stepdefs/ru/WebStepDefs.java
/home/travis/build/sbtqa/page-factory-2/plugins/web-plugin/src/main/java/ru/sbtqa/tag/stepdefs/en/WebStepDefs.java
/home/travis/build/sbtqa/page-factory-2/plugins/web-plugin/src/main/java/ru/sbtqa/tag/pagefactory/web/tasks/KillAlertTask.java
/home/travis/build/sbtqa/page-factory-2/plugins/web-plugin/src/main/java/ru/sbtqa/tag/pagefactory/web/configure/WebDriverManagerConfigurator.java
/home/travis/build/sbtqa/page-factory-2/plugins/web-plugin/src/main/java/ru/sbtqa/tag/pagefactory/web/configure/ProxyConfigurator.java
/home/travis/build/sbtqa/page-factory-2/plugins/web-plugin/src/main/java/ru/sbtqa/tag/pagefactory/web/support/BrowserName.java
/home/travis/build/sbtqa/page-factory-2/plugins/web-plugin/src/main/java/ru/sbtqa/tag/pagefactory/web/checks/WebPageChecks.java
/home/travis/build/sbtqa/page-factory-2/plugins/web-plugin/src/main/java/ru/sbtqa/tag/pagefactory/web/drivers/WebDriverService.java
/home/travis/build/sbtqa/page-factory-2/plugins/web-plugin/src/main/java/ru/sbtqa/tag/pagefactory/web/drivers/CreatedInternetExplorerDriver.java
/home/travis/build/sbtqa/page-factory-2/plugins/web-plugin/src/main/java/ru/sbtqa/tag/pagefactory/web/drivers/CreatedEdgeDriver.java
/home/travis/build/sbtqa/page-factory-2/plugins/web-plugin/src/main/java/ru/sbtqa/tag/pagefactory/web/drivers/CreatedFirefoxDriver.java
/home/travis/build/sbtqa/page-factory-2/plugins/web-plugin/src/main/java/ru/sbtqa/tag/pagefactory/web/drivers/CreatedChromeDriver.java
/home/travis/build/sbtqa/page-factory-2/plugins/web-plugin/src/main/java/ru/sbtqa/tag/pagefactory/web/drivers/CreatedSafariDriver.java
/home/travis/build/sbtqa/page-factory-2/plugins/web-plugin/src/main/java/ru/sbtqa/tag/pagefactory/web/utils/WebWait.java
/home/travis/build/sbtqa/page-factory-2/plugins/web-plugin/src/main/java/ru/sbtqa/tag/pagefactory/web/utils/WindowHandles.java
/home/travis/build/sbtqa/page-factory-2/plugins/web-plugin/src/main/java/ru/sbtqa/tag/pagefactory/web/utils/ElementUtils.java
/home/travis/build/sbtqa/page-factory-2/plugins/web-plugin/src/main/java/ru/sbtqa/tag/pagefactory/web/junit/WebSetupSteps.java
/home/travis/build/sbtqa/page-factory-2/plugins/web-plugin/src/main/java/ru/sbtqa/tag/pagefactory/web/junit/WebSteps.java
/home/travis/build/sbtqa/page-factory-2/plugins/web-plugin/src/main/java/ru/sbtqa/tag/pagefactory/web/junit/WebStepsImpl.java
/home/travis/build/sbtqa/page-factory-2/plugins/web-plugin/src/main/java/ru/sbtqa/tag/pagefactory/web/aspects/Highlight.java
/home/travis/build/sbtqa/page-factory-2/plugins/web-plugin/src/main/java/ru/sbtqa/tag/pagefactory/web/aspects/JUnitWebStepAspect.java
/home/travis/build/sbtqa/page-factory-2/plugins/web-plugin/src/main/java/ru/sbtqa/tag/pagefactory/web/aspects/StashWindowHandles.java
/home/travis/build/sbtqa/page-factory-2/plugins/web-plugin/src/main/java/ru/sbtqa/tag/pagefactory/web/aspects/ClickViaSeleniumActions.java
/home/travis/build/sbtqa/page-factory-2/plugins/web-plugin/src/main/java/ru/sbtqa/tag/pagefactory/web/aspects/ScrollToElement.java
/home/travis/build/sbtqa/page-factory-2/plugins/web-plugin/src/main/java/ru/sbtqa/tag/pagefactory/web/properties/WebConfiguration.java
/home/travis/build/sbtqa/page-factory-2/plugins/web-plugin/src/main/java/ru/sbtqa/tag/pagefactory/web/capabilities/SelenoidCapabilitiesParser.java
/home/travis/build/sbtqa/page-factory-2/plugins/web-plugin/src/main/java/ru/sbtqa/tag/pagefactory/web/capabilities/WebDriverCapabilitiesParser.java
/home/travis/build/sbtqa/page-factory-2/plugins/web-plugin/src/main/java/ru/sbtqa/tag/pagefactory/web/capabilities/CapabilitiesParser.java
/home/travis/build/sbtqa/page-factory-2/plugins/web-plugin/src/main/java/ru/sbtqa/tag/pagefactory/web/environment/WebEnvironment.java
/home/travis/build/sbtqa/page-factory-2/plugins/web-plugin/src/main/java/ru/sbtqa/tag/pagefactory/web/actions/WebPageActions.java
/home/travis/build/sbtqa/page-factory-2/plugins/web-plugin/src/main/java/ru/sbtqa/tag/pagefactory/WebPage.java
